{'int': -1}
{'[': -1}
{']': -1}
{'identifier': (1, 0)}
{'read': -1}
{'identifier': (1, 0)}
{'int': -1}
{'identifier': (5, 0)}
{'read': -1}
{'identifier': (5, 0)}
{'int': -1}
{'identifier': (5, 1)}
{'identifier': (5, 1)}
{'=': -1}
{'constant': (6, 0)}
{'for': -1}
{'(': -1}
{'identifier': (6, 0)}
{'in': -1}
{'identifier': (1, 0)}
{')': -1}
{'{': -1}
{'if': -1}
{'(': -1}
{'identifier': (6, 0)}
{'=': -1}
{'=': -1}
{'identifier': (5, 0)}
{')': -1}
{'{': -1}
{'identifier': (5, 1)}
{'=': -1}
{'identifier': (5, 1)}
{'+': -1}
{'identifier': (6, 0)}
{'}': -1}
{'}': -1}
{'identifier': (4, 0)}
{'identifier': (5, 1)}
