[var:0]
[identifier:97]
[;:0]
[var:0]
[identifier:98]
[,:0]
[identifier:99]
[;:0]
[identifier:97]
[=:0]
[this is a string:-2]
[;:0]
[identifier:98]
[=:0]
[2:-1]
[;:0]
[int:0]
[identifier:102]
[[:0]
[3:-1]
[]:0]
[;:0]
[identifier:102]
[[:0]
[0:-1]
[]:0]
[=:0]
[identifier:97]
[;:0]
[print:0]
[(:0]
[identifier:97]
[):0]
[;:0]
[if:0]
[(:0]
[identifier:98]
[=:0]
[=:0]
[2:-1]
[):0]
[{:0]
[print:0]
[(:0]
[identifier:98]
[):0]
[;:0]
[}:0]
[else:0]
[{:0]
[print:0]
[(:0]
[identifier:99]
[):0]
[;:0]
[}:0]
[while:0]
[(:0]
[identifier:98]
[=:0]
[=:0]
[2:-1]
[):0]
[{:0]
[identifier:98]
[*=:0]
[2:-1]
[;:0]
[}:0]
